<?xml version="1.0" encoding="UTF-8"?>
<coverage generated="1656095988550" clover="3.2.0">
  <project timestamp="1656095988550" name="All files">
    <metrics statements="18" coveredstatements="17" conditionals="6" coveredconditionals="3" methods="5" coveredmethods="5" elements="29" coveredelements="25" complexity="0" loc="18" ncloc="18" packages="1" files="5" classes="5"/>
    <file name="addtodo.js" path="E:\MICROVERSE\WEEK 8\todolist2\src\__mock__\addtodo.js">
      <metrics statements="3" coveredstatements="3" conditionals="2" coveredconditionals="1" methods="1" coveredmethods="1"/>
      <line num="1" count="1" type="stmt"/>
      <line num="2" count="1" type="stmt"/>
      <line num="3" count="1" type="stmt"/>
    </file>
    <file name="clearallcompleted.js" path="E:\MICROVERSE\WEEK 8\todolist2\src\__mock__\clearallcompleted.js">
      <metrics statements="4" coveredstatements="4" conditionals="2" coveredconditionals="1" methods="1" coveredmethods="1"/>
      <line num="5" count="1" type="stmt"/>
      <line num="6" count="1" type="stmt"/>
      <line num="7" count="1" type="cond" truecount="1" falsecount="1"/>
      <line num="8" count="1" type="stmt"/>
    </file>
    <file name="edit.js" path="E:\MICROVERSE\WEEK 8\todolist2\src\__mock__\edit.js">
      <metrics statements="2" coveredstatements="2" conditionals="0" coveredconditionals="0" methods="1" coveredmethods="1"/>
      <line num="4" count="1" type="stmt"/>
      <line num="5" count="1" type="stmt"/>
    </file>
    <file name="mockchangestatus.js" path="E:\MICROVERSE\WEEK 8\todolist2\src\__mock__\mockchangestatus.js">
      <metrics statements="4" coveredstatements="3" conditionals="2" coveredconditionals="1" methods="1" coveredmethods="1"/>
      <line num="4" count="1" type="stmt"/>
      <line num="5" count="1" type="cond" truecount="1" falsecount="1"/>
      <line num="6" count="0" type="stmt"/>
      <line num="8" count="1" type="stmt"/>
    </file>
    <file name="remove.js" path="E:\MICROVERSE\WEEK 8\todolist2\src\__mock__\remove.js">
      <metrics statements="5" coveredstatements="5" conditionals="0" coveredconditionals="0" methods="1" coveredmethods="1"/>
      <line num="1" count="1" type="stmt"/>
      <line num="2" count="1" type="stmt"/>
      <line num="14" count="1" type="stmt"/>
      <line num="15" count="1" type="stmt"/>
      <line num="16" count="1" type="stmt"/>
    </file>
  </project>
</coverage>
