{"C:\\Users\\Dario\\Documents\\MICROVERSE\\Module2\\todolist2\\src\\__mock__\\addtodo.js": {"path":"C:\\Users\\Dario\\Documents\\MICROVERSE\\Module2\\todolist2\\src\\__mock__\\addtodo.js","statementMap":{"0":{"start":{"line":4,"column":16},"end":{"line":13,"column":5}},"1":{"start":{"line":5,"column":15},"end":{"line":5,"column":17}},"2":{"start":{"line":6,"column":6},"end":{"line":12,"column":8}}},"fnMap":{"0":{"name":"(anonymous_0)","decl":{"start":{"line":4,"column":16},"end":{"line":4,"column":17}},"loc":{"start":{"line":4,"column":31},"end":{"line":13,"column":5}},"line":4}},"branchMap":{"0":{"loc":{"start":{"line":8,"column":14},"end":{"line":8,"column":76}},"type":"cond-expr","locations":[{"start":{"line":8,"column":36},"end":{"line":8,"column":72}},{"start":{"line":8,"column":75},"end":{"line":8,"column":76}}],"line":8}},"s":{"0":1,"1":1,"2":1},"f":{"0":1},"b":{"0":[0,1]},"_coverageSchema":"1a1c01bbd47fc00a2c39e90264f33305004495a9","hash":"ccc5f17b4809eb4f8cf134da7ff7555253c595e3"}
,"C:\\Users\\Dario\\Documents\\MICROVERSE\\Module2\\todolist2\\src\\__mock__\\clearallcompleted.js": {"path":"C:\\Users\\Dario\\Documents\\MICROVERSE\\Module2\\todolist2\\src\\__mock__\\clearallcompleted.js","statementMap":{"0":{"start":{"line":3,"column":26},"end":{"line":10,"column":3}},"1":{"start":{"line":4,"column":18},"end":{"line":4,"column":50}},"2":{"start":{"line":5,"column":6},"end":{"line":9,"column":7}},"3":{"start":{"line":5,"column":19},"end":{"line":5,"column":39}},"4":{"start":{"line":6,"column":8},"end":{"line":8,"column":9}},"5":{"start":{"line":7,"column":10},"end":{"line":7,"column":33}}},"fnMap":{"0":{"name":"(anonymous_0)","decl":{"start":{"line":3,"column":26},"end":{"line":3,"column":27}},"loc":{"start":{"line":3,"column":32},"end":{"line":10,"column":3}},"line":3}},"branchMap":{"0":{"loc":{"start":{"line":6,"column":8},"end":{"line":8,"column":9}},"type":"if","locations":[{"start":{"line":6,"column":8},"end":{"line":8,"column":9}},{"start":{},"end":{}}],"line":6}},"s":{"0":1,"1":1,"2":1,"3":1,"4":1,"5":1},"f":{"0":1},"b":{"0":[1,0]},"_coverageSchema":"1a1c01bbd47fc00a2c39e90264f33305004495a9","hash":"d9f57e45d75b7c103e32c86d3cafcdde07f31703"}
,"C:\\Users\\Dario\\Documents\\MICROVERSE\\Module2\\todolist2\\src\\__mock__\\edit.js": {"path":"C:\\Users\\Dario\\Documents\\MICROVERSE\\Module2\\todolist2\\src\\__mock__\\edit.js","statementMap":{"0":{"start":{"line":3,"column":17},"end":{"line":6,"column":1}},"1":{"start":{"line":4,"column":2},"end":{"line":4,"column":25}},"2":{"start":{"line":5,"column":2},"end":{"line":5,"column":65}}},"fnMap":{"0":{"name":"(anonymous_0)","decl":{"start":{"line":3,"column":17},"end":{"line":3,"column":18}},"loc":{"start":{"line":3,"column":29},"end":{"line":6,"column":1}},"line":3}},"branchMap":{},"s":{"0":1,"1":1,"2":1},"f":{"0":1},"b":{},"_coverageSchema":"1a1c01bbd47fc00a2c39e90264f33305004495a9","hash":"a9614bc2f45a77b5a4c37cd0af0a3a85ce5e5eca"}
,"C:\\Users\\Dario\\Documents\\MICROVERSE\\Module2\\todolist2\\src\\__mock__\\mockchangestatus.js": {"path":"C:\\Users\\Dario\\Documents\\MICROVERSE\\Module2\\todolist2\\src\\__mock__\\mockchangestatus.js","statementMap":{"0":{"start":{"line":4,"column":21},"end":{"line":10,"column":3}},"1":{"start":{"line":5,"column":4},"end":{"line":9,"column":5}},"2":{"start":{"line":6,"column":6},"end":{"line":6,"column":37}},"3":{"start":{"line":8,"column":6},"end":{"line":8,"column":36}}},"fnMap":{"0":{"name":"(anonymous_0)","decl":{"start":{"line":4,"column":21},"end":{"line":4,"column":22}},"loc":{"start":{"line":4,"column":28},"end":{"line":10,"column":3}},"line":4}},"branchMap":{"0":{"loc":{"start":{"line":5,"column":4},"end":{"line":9,"column":5}},"type":"if","locations":[{"start":{"line":5,"column":4},"end":{"line":9,"column":5}},{"start":{"line":7,"column":11},"end":{"line":9,"column":5}}],"line":5}},"s":{"0":1,"1":1,"2":0,"3":1},"f":{"0":1},"b":{"0":[0,1]},"_coverageSchema":"1a1c01bbd47fc00a2c39e90264f33305004495a9","hash":"631e2f4907038642813e0774aaed091835833254"}
,"C:\\Users\\Dario\\Documents\\MICROVERSE\\Module2\\todolist2\\src\\__mock__\\remove.js": {"path":"C:\\Users\\Dario\\Documents\\MICROVERSE\\Module2\\todolist2\\src\\__mock__\\remove.js","statementMap":{"0":{"start":{"line":1,"column":15},"end":{"line":18,"column":1}},"1":{"start":{"line":2,"column":17},"end":{"line":13,"column":3}},"2":{"start":{"line":14,"column":2},"end":{"line":14,"column":24}},"3":{"start":{"line":15,"column":2},"end":{"line":17,"column":3}},"4":{"start":{"line":15,"column":15},"end":{"line":15,"column":16}},"5":{"start":{"line":16,"column":4},"end":{"line":16,"column":23}}},"fnMap":{"0":{"name":"(anonymous_0)","decl":{"start":{"line":1,"column":15},"end":{"line":1,"column":16}},"loc":{"start":{"line":1,"column":21},"end":{"line":18,"column":1}},"line":1}},"branchMap":{},"s":{"0":1,"1":1,"2":1,"3":1,"4":1,"5":1},"f":{"0":1},"b":{},"_coverageSchema":"1a1c01bbd47fc00a2c39e90264f33305004495a9","hash":"917d8138b3d77dedc63555d19d9763b82d08a702"}
}
